[debug] [2025-11-28T02:54:07.362Z] ----------------------------------------------------------------------
[debug] [2025-11-28T02:54:07.364Z] Command:       C:\Program Files\nodejs\node.exe C:\Users\lnd19\AppData\Roaming\npm\node_modules\firebase-tools\lib\bin\firebase.js init hosting
[debug] [2025-11-28T02:54:07.364Z] CLI Version:   14.26.0
[debug] [2025-11-28T02:54:07.364Z] Platform:      win32
[debug] [2025-11-28T02:54:07.364Z] Node Version:  v22.20.0
[debug] [2025-11-28T02:54:07.365Z] Time:          Thu Nov 27 2025 21:54:07 GMT-0500 (Eastern Standard Time)
[debug] [2025-11-28T02:54:07.365Z] ----------------------------------------------------------------------
[debug] 
[info] 
     ######## #### ########  ######## ########     ###     ######  ########
     ##        ##  ##     ## ##       ##     ##  ##   ##  ##       ##
     ######    ##  ########  ######   ########  #########  ######  ######
     ##        ##  ##    ##  ##       ##     ## ##     ##       ## ##
     ##       #### ##     ## ######## ########  ##     ##  ######  ########

You're about to initialize a Firebase project in this directory:

  C:\Users\lnd19\OneDrive\Desktop\html\purge sj test

Before we get started, keep in mind:

  * You are initializing within an existing Firebase project directory

[info] 
=== Project Setup
[info] 
[info] First, let's associate this project directory with a Firebase project.
[info] You can create multiple project aliases by running firebase use --add, 
[info] 
[info] i  If you want to create a project in a Google Cloud organization or folder, please use "firebase projects:create" instead, and return to this command when you've created the project. 
[debug] [2025-11-28T02:54:18.280Z] > command requires scopes: ["email","openid","https://www.googleapis.com/auth/cloudplatformprojects.readonly","https://www.googleapis.com/auth/firebase","https://www.googleapis.com/auth/cloud-platform"]
[debug] [2025-11-28T02:54:18.280Z] > authorizing via signed-in user (skyr1seisop@gmail.com)
[debug] [2025-11-28T02:54:27.950Z] Checked if tokens are valid: true, expires at: 1764302033470
[debug] [2025-11-28T02:54:27.951Z] Checked if tokens are valid: true, expires at: 1764302033470
[debug] [2025-11-28T02:54:27.953Z] >>> [apiv2][query] POST https://firebase.googleapis.com/v1/projects:checkProjectId [none]
[debug] [2025-11-28T02:54:27.953Z] >>> [apiv2][body] POST https://firebase.googleapis.com/v1/projects:checkProjectId {"proposedId":"purgedsjtesting"}
[debug] [2025-11-28T02:54:28.354Z] <<< [apiv2][status] POST https://firebase.googleapis.com/v1/projects:checkProjectId 200
[debug] [2025-11-28T02:54:28.354Z] <<< [apiv2][body] POST https://firebase.googleapis.com/v1/projects:checkProjectId {"projectIdStatus":"PROJECT_ID_AVAILABLE","suggestedProjectId":"purgedsjtesting"}
[debug] [2025-11-28T02:54:32.187Z] Checked if tokens are valid: true, expires at: 1764302033470
[debug] [2025-11-28T02:54:32.187Z] Checked if tokens are valid: true, expires at: 1764302033470
[debug] [2025-11-28T02:54:32.187Z] >>> [apiv2][query] POST https://cloudresourcemanager.googleapis.com/v1/projects [none]
[debug] [2025-11-28T02:54:32.187Z] >>> [apiv2][body] POST https://cloudresourcemanager.googleapis.com/v1/projects {"projectId":"purgedsjtesting","name":"purgedsjtesting"}
[debug] [2025-11-28T02:54:32.698Z] <<< [apiv2][status] POST https://cloudresourcemanager.googleapis.com/v1/projects 200
[debug] [2025-11-28T02:54:32.698Z] <<< [apiv2][body] POST https://cloudresourcemanager.googleapis.com/v1/projects {"name":"operations/create_project.global.6849057794596105619"}
[debug] [2025-11-28T02:54:32.700Z] Checked if tokens are valid: true, expires at: 1764302033470
[debug] [2025-11-28T02:54:32.700Z] Checked if tokens are valid: true, expires at: 1764302033470
[debug] [2025-11-28T02:54:32.700Z] >>> [apiv2][query] GET https://cloudresourcemanager.googleapis.com/v1/operations/create_project.global.6849057794596105619 [none]
[debug] [2025-11-28T02:54:32.925Z] <<< [apiv2][status] GET https://cloudresourcemanager.googleapis.com/v1/operations/create_project.global.6849057794596105619 200
[debug] [2025-11-28T02:54:32.925Z] <<< [apiv2][body] GET https://cloudresourcemanager.googleapis.com/v1/operations/create_project.global.6849057794596105619 {"name":"operations/create_project.global.6849057794596105619"}
[debug] [2025-11-28T02:54:33.428Z] [Project Creation Poller] Retrying task index 0
[debug] [2025-11-28T02:54:33.428Z] Checked if tokens are valid: true, expires at: 1764302033470
[debug] [2025-11-28T02:54:33.428Z] Checked if tokens are valid: true, expires at: 1764302033470
[debug] [2025-11-28T02:54:33.428Z] >>> [apiv2][query] GET https://cloudresourcemanager.googleapis.com/v1/operations/create_project.global.6849057794596105619 [none]
[debug] [2025-11-28T02:54:33.587Z] <<< [apiv2][status] GET https://cloudresourcemanager.googleapis.com/v1/operations/create_project.global.6849057794596105619 200
[debug] [2025-11-28T02:54:33.588Z] <<< [apiv2][body] GET https://cloudresourcemanager.googleapis.com/v1/operations/create_project.global.6849057794596105619 {"name":"operations/create_project.global.6849057794596105619"}
[debug] [2025-11-28T02:54:34.603Z] [Project Creation Poller] Retrying task index 0
[debug] [2025-11-28T02:54:34.603Z] Checked if tokens are valid: true, expires at: 1764302033470
[debug] [2025-11-28T02:54:34.604Z] Checked if tokens are valid: true, expires at: 1764302033470
[debug] [2025-11-28T02:54:34.604Z] >>> [apiv2][query] GET https://cloudresourcemanager.googleapis.com/v1/operations/create_project.global.6849057794596105619 [none]
[debug] [2025-11-28T02:54:34.748Z] <<< [apiv2][status] GET https://cloudresourcemanager.googleapis.com/v1/operations/create_project.global.6849057794596105619 200
[debug] [2025-11-28T02:54:34.748Z] <<< [apiv2][body] GET https://cloudresourcemanager.googleapis.com/v1/operations/create_project.global.6849057794596105619 {"name":"operations/create_project.global.6849057794596105619","metadata":{"@type":"type.googleapis.com/google.cloudresourcemanager.v1.ProjectCreationStatus","gettable":true,"ready":true},"done":true,"response":{"@type":"type.googleapis.com/google.cloudresourcemanager.v1.Project","projectNumber":"301107093996","projectId":"purgedsjtesting","lifecycleState":"ACTIVE","name":"purgedsjtesting","createTime":"2025-11-28T02:54:40.538641Z"}}
[debug] [2025-11-28T02:54:34.750Z] Checked if tokens are valid: true, expires at: 1764302033470
[debug] [2025-11-28T02:54:34.750Z] Checked if tokens are valid: true, expires at: 1764302033470
[debug] [2025-11-28T02:54:34.750Z] >>> [apiv2][query] POST https://firebase.googleapis.com/v1beta1/projects/purgedsjtesting:addFirebase [none]
[debug] [2025-11-28T02:54:36.591Z] <<< [apiv2][status] POST https://firebase.googleapis.com/v1beta1/projects/purgedsjtesting:addFirebase 200
[debug] [2025-11-28T02:54:36.592Z] <<< [apiv2][body] POST https://firebase.googleapis.com/v1beta1/projects/purgedsjtesting:addFirebase {"name":"operations/workflows/NzQ3MDVmMTUtMzNlYy00ZmZjLTk5OWYtNzhjYmMyYTQ5NmYx"}
[debug] [2025-11-28T02:54:36.592Z] Checked if tokens are valid: true, expires at: 1764302033470
[debug] [2025-11-28T02:54:36.592Z] Checked if tokens are valid: true, expires at: 1764302033470
[debug] [2025-11-28T02:54:36.592Z] >>> [apiv2][query] GET https://firebase.googleapis.com/v1beta1/operations/workflows/NzQ3MDVmMTUtMzNlYy00ZmZjLTk5OWYtNzhjYmMyYTQ5NmYx [none]
[debug] [2025-11-28T02:54:39.857Z] <<< [apiv2][status] GET https://firebase.googleapis.com/v1beta1/operations/workflows/NzQ3MDVmMTUtMzNlYy00ZmZjLTk5OWYtNzhjYmMyYTQ5NmYx 200
[debug] [2025-11-28T02:54:39.857Z] <<< [apiv2][body] GET https://firebase.googleapis.com/v1beta1/operations/workflows/NzQ3MDVmMTUtMzNlYy00ZmZjLTk5OWYtNzhjYmMyYTQ5NmYx {"name":"operations/workflows/NzQ3MDVmMTUtMzNlYy00ZmZjLTk5OWYtNzhjYmMyYTQ5NmYx"}
[debug] [2025-11-28T02:54:40.361Z] [Add Firebase Poller] Retrying task index 0
[debug] [2025-11-28T02:54:40.362Z] Checked if tokens are valid: true, expires at: 1764302033470
[debug] [2025-11-28T02:54:40.362Z] Checked if tokens are valid: true, expires at: 1764302033470
[debug] [2025-11-28T02:54:40.363Z] >>> [apiv2][query] GET https://firebase.googleapis.com/v1beta1/operations/workflows/NzQ3MDVmMTUtMzNlYy00ZmZjLTk5OWYtNzhjYmMyYTQ5NmYx [none]
[debug] [2025-11-28T02:54:40.798Z] <<< [apiv2][status] GET https://firebase.googleapis.com/v1beta1/operations/workflows/NzQ3MDVmMTUtMzNlYy00ZmZjLTk5OWYtNzhjYmMyYTQ5NmYx 200
[debug] [2025-11-28T02:54:40.798Z] <<< [apiv2][body] GET https://firebase.googleapis.com/v1beta1/operations/workflows/NzQ3MDVmMTUtMzNlYy00ZmZjLTk5OWYtNzhjYmMyYTQ5NmYx {"name":"operations/workflows/NzQ3MDVmMTUtMzNlYy00ZmZjLTk5OWYtNzhjYmMyYTQ5NmYx"}
[debug] [2025-11-28T02:54:41.812Z] [Add Firebase Poller] Retrying task index 0
[debug] [2025-11-28T02:54:41.812Z] Checked if tokens are valid: true, expires at: 1764302033470
[debug] [2025-11-28T02:54:41.813Z] Checked if tokens are valid: true, expires at: 1764302033470
[debug] [2025-11-28T02:54:41.813Z] >>> [apiv2][query] GET https://firebase.googleapis.com/v1beta1/operations/workflows/NzQ3MDVmMTUtMzNlYy00ZmZjLTk5OWYtNzhjYmMyYTQ5NmYx [none]
[debug] [2025-11-28T02:54:42.209Z] <<< [apiv2][status] GET https://firebase.googleapis.com/v1beta1/operations/workflows/NzQ3MDVmMTUtMzNlYy00ZmZjLTk5OWYtNzhjYmMyYTQ5NmYx 200
[debug] [2025-11-28T02:54:42.209Z] <<< [apiv2][body] GET https://firebase.googleapis.com/v1beta1/operations/workflows/NzQ3MDVmMTUtMzNlYy00ZmZjLTk5OWYtNzhjYmMyYTQ5NmYx {"name":"operations/workflows/NzQ3MDVmMTUtMzNlYy00ZmZjLTk5OWYtNzhjYmMyYTQ5NmYx"}
[debug] [2025-11-28T02:54:44.212Z] [Add Firebase Poller] Retrying task index 0
[debug] [2025-11-28T02:54:44.212Z] Checked if tokens are valid: true, expires at: 1764302033470
[debug] [2025-11-28T02:54:44.212Z] Checked if tokens are valid: true, expires at: 1764302033470
[debug] [2025-11-28T02:54:44.213Z] >>> [apiv2][query] GET https://firebase.googleapis.com/v1beta1/operations/workflows/NzQ3MDVmMTUtMzNlYy00ZmZjLTk5OWYtNzhjYmMyYTQ5NmYx [none]
[debug] [2025-11-28T02:54:44.578Z] <<< [apiv2][status] GET https://firebase.googleapis.com/v1beta1/operations/workflows/NzQ3MDVmMTUtMzNlYy00ZmZjLTk5OWYtNzhjYmMyYTQ5NmYx 200
[debug] [2025-11-28T02:54:44.578Z] <<< [apiv2][body] GET https://firebase.googleapis.com/v1beta1/operations/workflows/NzQ3MDVmMTUtMzNlYy00ZmZjLTk5OWYtNzhjYmMyYTQ5NmYx {"name":"operations/workflows/NzQ3MDVmMTUtMzNlYy00ZmZjLTk5OWYtNzhjYmMyYTQ5NmYx"}
[debug] [2025-11-28T02:54:48.581Z] [Add Firebase Poller] Retrying task index 0
[debug] [2025-11-28T02:54:48.581Z] Checked if tokens are valid: true, expires at: 1764302033470
[debug] [2025-11-28T02:54:48.581Z] Checked if tokens are valid: true, expires at: 1764302033470
[debug] [2025-11-28T02:54:48.581Z] >>> [apiv2][query] GET https://firebase.googleapis.com/v1beta1/operations/workflows/NzQ3MDVmMTUtMzNlYy00ZmZjLTk5OWYtNzhjYmMyYTQ5NmYx [none]
[debug] [2025-11-28T02:54:48.894Z] <<< [apiv2][status] GET https://firebase.googleapis.com/v1beta1/operations/workflows/NzQ3MDVmMTUtMzNlYy00ZmZjLTk5OWYtNzhjYmMyYTQ5NmYx 200
[debug] [2025-11-28T02:54:48.894Z] <<< [apiv2][body] GET https://firebase.googleapis.com/v1beta1/operations/workflows/NzQ3MDVmMTUtMzNlYy00ZmZjLTk5OWYtNzhjYmMyYTQ5NmYx {"name":"operations/workflows/NzQ3MDVmMTUtMzNlYy00ZmZjLTk5OWYtNzhjYmMyYTQ5NmYx"}
[debug] [2025-11-28T02:54:56.907Z] [Add Firebase Poller] Retrying task index 0
[debug] [2025-11-28T02:54:56.907Z] Checked if tokens are valid: true, expires at: 1764302033470
[debug] [2025-11-28T02:54:56.907Z] Checked if tokens are valid: true, expires at: 1764302033470
[debug] [2025-11-28T02:54:56.907Z] >>> [apiv2][query] GET https://firebase.googleapis.com/v1beta1/operations/workflows/NzQ3MDVmMTUtMzNlYy00ZmZjLTk5OWYtNzhjYmMyYTQ5NmYx [none]
[debug] [2025-11-28T02:54:57.400Z] <<< [apiv2][status] GET https://firebase.googleapis.com/v1beta1/operations/workflows/NzQ3MDVmMTUtMzNlYy00ZmZjLTk5OWYtNzhjYmMyYTQ5NmYx 200
[debug] [2025-11-28T02:54:57.400Z] <<< [apiv2][body] GET https://firebase.googleapis.com/v1beta1/operations/workflows/NzQ3MDVmMTUtMzNlYy00ZmZjLTk5OWYtNzhjYmMyYTQ5NmYx {"name":"operations/workflows/NzQ3MDVmMTUtMzNlYy00ZmZjLTk5OWYtNzhjYmMyYTQ5NmYx","done":true,"response":{"@type":"type.googleapis.com/google.firebase.service.v1beta1.FirebaseProject","projectId":"purgedsjtesting","projectNumber":"301107093996","displayName":"purgedsjtesting","name":"projects/purgedsjtesting","resources":{"hostingSite":"purgedsjtesting"}}}
[info] 
[info] === Your Firebase project is ready! ===
[info] 
[info] Project information:
[info]    - Project ID: purgedsjtesting
[info]    - Project Name: purgedsjtesting
[info] 
[info] Firebase console is available at
[info] https://console.firebase.google.com/project/purgedsjtesting/overview
[info] 
=== Hosting Setup
[debug] [2025-11-28T02:54:57.408Z] Checked if tokens are valid: true, expires at: 1764302033470
[debug] [2025-11-28T02:54:57.408Z] Checked if tokens are valid: true, expires at: 1764302033470
[debug] [2025-11-28T02:54:57.408Z] >>> [apiv2][query] GET https://firebase.googleapis.com/v1beta1/projects/purgedsjtesting [none]
[debug] [2025-11-28T02:54:57.830Z] <<< [apiv2][status] GET https://firebase.googleapis.com/v1beta1/projects/purgedsjtesting 200
[debug] [2025-11-28T02:54:57.830Z] <<< [apiv2][body] GET https://firebase.googleapis.com/v1beta1/projects/purgedsjtesting {"projectId":"purgedsjtesting","projectNumber":"301107093996","displayName":"purgedsjtesting","name":"projects/purgedsjtesting","resources":{"hostingSite":"purgedsjtesting"},"state":"ACTIVE","etag":"1_c88ddf52-eb21-449b-9567-746b5646f74c"}
[info] 
[info] Your public directory is the folder (relative to your project directory) that
[info] will contain Hosting assets to be uploaded with firebase deploy. If you
[info] have a build process for your assets, use your build's output directory.
[info] 
[info] 
[info] i  Didn't detect a .git folder. Assuming C:\Users\lnd19\OneDrive\Desktop\html\purge sj test is the project root. 
[info] i  Authorizing with GitHub to upload your service account to a GitHub repository's secrets store. 
[info] 
[info] Visit this URL on this device to log in:
[info] https://github.com/login/oauth/authorize?client_id=89cf50f02ac6aaed3484&state=215935096&redirect_uri=http%3A%2F%2Flocalhost%3A9005&scope=read%3Auser%20repo%20public_repo
[info] 
[info] Waiting for authentication...
[debug] [2025-11-28T02:55:22.791Z] >>> [apiv2][query] POST https://github.com/login/oauth/access_token [none]
[debug] [2025-11-28T02:55:22.791Z] >>> [apiv2][body] POST https://github.com/login/oauth/access_token [stream]
[debug] [2025-11-28T02:55:23.007Z] <<< [apiv2][status] POST https://github.com/login/oauth/access_token 200
[debug] [2025-11-28T02:55:23.008Z] <<< [apiv2][body] POST https://github.com/login/oauth/access_token {"access_token":"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","token_type":"bearer","scope":"read:user,repo"}
[debug] [2025-11-28T02:55:23.013Z] >>> [apiv2][query] GET https://api.github.com/user [none]
[debug] [2025-11-28T02:55:23.242Z] <<< [apiv2][status] GET https://api.github.com/user 200
[debug] [2025-11-28T02:55:23.242Z] <<< [apiv2][body] GET https://api.github.com/user {"login":"hypnotixx0","id":133892941,"node_id":"U_kgDOB_sLTQ","avatar_url":"https://avatars.githubusercontent.com/u/133892941?v=4","gravatar_id":"","url":"https://api.github.com/users/hypnotixx0","html_url":"https://github.com/hypnotixx0","followers_url":"https://api.github.com/users/hypnotixx0/followers","following_url":"https://api.github.com/users/hypnotixx0/following{/other_user}","gists_url":"https://api.github.com/users/hypnotixx0/gists{/gist_id}","starred_url":"https://api.github.com/users/hypnotixx0/starred{/owner}{/repo}","subscriptions_url":"https://api.github.com/users/hypnotixx0/subscriptions","organizations_url":"https://api.github.com/users/hypnotixx0/orgs","repos_url":"https://api.github.com/users/hypnotixx0/repos","events_url":"https://api.github.com/users/hypnotixx0/events{/privacy}","received_events_url":"https://api.github.com/users/hypnotixx0/received_events","type":"User","user_view_type":"private","site_admin":false,"name":"Unhiin","company":null,"blog":"","location":null,"email":null,"hireable":null,"bio":"I cant really code ima skid ngl","twitter_username":null,"notification_email":null,"public_repos":56,"public_gists":0,"followers":1,"following":1,"created_at":"2023-05-17T15:08:50Z","updated_at":"2025-11-18T03:07:48Z","private_gists":2,"total_private_repos":12,"owned_private_repos":12,"disk_usage":222546,"collaborators":0,"two_factor_authentication":false,"plan":{"name":"free","space":976562499,"collaborators":0,"private_repos":10000}}
[info] 
[info] +  Success! Logged into GitHub as hypnotixx0 
[info] 
